<?xml version="1.0" encoding="UTF-8"?>
<!-- Generated by org.testng.reporters.JUnitXMLReporter -->
<testsuite hostname="LAPTOP-5RVADTCV" ignored="0" name="Default test" tests="3" failures="0" timestamp="2020-08-06T16:26:56 CDT" time="28.658" errors="0">
  <testcase name="verifyHeadingOnFlightStatusPage" time="4.918" classname="com.aa.test.testFlightStatus"/>
  <testcase name="verifyHeadingOnFlightStatusPage" time="4.201" classname="com.aa.test.testFlightStatus"/>
  <testcase name="verifyHeadingOnFlightStatusPage" time="3.935" classname="com.aa.test.testFlightStatus"/>
</testsuite> <!-- Default test -->
